c:\users\user\source\repos\projectstudentpreq\projectstudentpreq\debug\vc142.pdb
c:\users\user\source\repos\projectstudentpreq\projectstudentpreq\debug\.netframework,version=v4.7.2.assemblyattributes.obj
c:\users\user\source\repos\projectstudentpreq\projectstudentpreq\debug\.netframework,version=v4.7.2.assemblyattributes.asm
c:\users\user\source\repos\projectstudentpreq\projectstudentpreq\debug\logic.obj
c:\users\user\source\repos\projectstudentpreq\projectstudentpreq\debug\source.obj
c:\users\user\source\repos\projectstudentpreq\projectstudentpreq\debug\myform.obj
c:\users\user\source\repos\projectstudentpreq\debug\projectstudentpreq.exe
c:\users\user\source\repos\projectstudentpreq\debug\projectstudentpreq.pdb
c:\users\user\source\repos\projectstudentpreq\projectstudentpreq\debug\projectstudentpreq.myform.resources
c:\users\user\source\repos\projectstudentpreq\projectstudentpreq\debug\projectstudentpreq.vcxproj.generateresource.cache
c:\users\user\source\repos\projectstudentpreq\projectstudentpreq\debug\projectstudentpreq.vcxprojassemblyreference.cache
c:\users\user\source\repos\projectstudentpreq\projectstudentpreq\debug\projects.a9eb8173.tlog\cl.command.1.tlog
c:\users\user\source\repos\projectstudentpreq\projectstudentpreq\debug\projects.a9eb8173.tlog\cl.read.1.tlog
c:\users\user\source\repos\projectstudentpreq\projectstudentpreq\debug\projects.a9eb8173.tlog\cl.write.1.tlog
c:\users\user\source\repos\projectstudentpreq\projectstudentpreq\debug\projects.a9eb8173.tlog\link.10104.delete.1.tlog
c:\users\user\source\repos\projectstudentpreq\projectstudentpreq\debug\projects.a9eb8173.tlog\link.10180.delete.1.tlog
c:\users\user\source\repos\projectstudentpreq\projectstudentpreq\debug\projects.a9eb8173.tlog\link.10188.delete.1.tlog
c:\users\user\source\repos\projectstudentpreq\projectstudentpreq\debug\projects.a9eb8173.tlog\link.10440.delete.1.tlog
c:\users\user\source\repos\projectstudentpreq\projectstudentpreq\debug\projects.a9eb8173.tlog\link.10976.delete.1.tlog
c:\users\user\source\repos\projectstudentpreq\projectstudentpreq\debug\projects.a9eb8173.tlog\link.11044.delete.1.tlog
c:\users\user\source\repos\projectstudentpreq\projectstudentpreq\debug\projects.a9eb8173.tlog\link.11136.delete.1.tlog
c:\users\user\source\repos\projectstudentpreq\projectstudentpreq\debug\projects.a9eb8173.tlog\link.11200.delete.1.tlog
c:\users\user\source\repos\projectstudentpreq\projectstudentpreq\debug\projects.a9eb8173.tlog\link.11584.delete.1.tlog
c:\users\user\source\repos\projectstudentpreq\projectstudentpreq\debug\projects.a9eb8173.tlog\link.1216.delete.1.tlog
c:\users\user\source\repos\projectstudentpreq\projectstudentpreq\debug\projects.a9eb8173.tlog\link.12172.delete.1.tlog
c:\users\user\source\repos\projectstudentpreq\projectstudentpreq\debug\projects.a9eb8173.tlog\link.12212.delete.1.tlog
c:\users\user\source\repos\projectstudentpreq\projectstudentpreq\debug\projects.a9eb8173.tlog\link.12220.delete.1.tlog
c:\users\user\source\repos\projectstudentpreq\projectstudentpreq\debug\projects.a9eb8173.tlog\link.12396.delete.1.tlog
c:\users\user\source\repos\projectstudentpreq\projectstudentpreq\debug\projects.a9eb8173.tlog\link.12744.delete.1.tlog
c:\users\user\source\repos\projectstudentpreq\projectstudentpreq\debug\projects.a9eb8173.tlog\link.12960.delete.1.tlog
c:\users\user\source\repos\projectstudentpreq\projectstudentpreq\debug\projects.a9eb8173.tlog\link.13064.delete.1.tlog
c:\users\user\source\repos\projectstudentpreq\projectstudentpreq\debug\projects.a9eb8173.tlog\link.13128.delete.1.tlog
c:\users\user\source\repos\projectstudentpreq\projectstudentpreq\debug\projects.a9eb8173.tlog\link.13308.delete.1.tlog
c:\users\user\source\repos\projectstudentpreq\projectstudentpreq\debug\projects.a9eb8173.tlog\link.13352.delete.1.tlog
c:\users\user\source\repos\projectstudentpreq\projectstudentpreq\debug\projects.a9eb8173.tlog\link.13364.delete.1.tlog
c:\users\user\source\repos\projectstudentpreq\projectstudentpreq\debug\projects.a9eb8173.tlog\link.13380.delete.1.tlog
c:\users\user\source\repos\projectstudentpreq\projectstudentpreq\debug\projects.a9eb8173.tlog\link.13396.delete.1.tlog
c:\users\user\source\repos\projectstudentpreq\projectstudentpreq\debug\projects.a9eb8173.tlog\link.13464.delete.1.tlog
c:\users\user\source\repos\projectstudentpreq\projectstudentpreq\debug\projects.a9eb8173.tlog\link.13488.delete.1.tlog
c:\users\user\source\repos\projectstudentpreq\projectstudentpreq\debug\projects.a9eb8173.tlog\link.1372.delete.1.tlog
c:\users\user\source\repos\projectstudentpreq\projectstudentpreq\debug\projects.a9eb8173.tlog\link.13736.delete.1.tlog
c:\users\user\source\repos\projectstudentpreq\projectstudentpreq\debug\projects.a9eb8173.tlog\link.1376.delete.1.tlog
c:\users\user\source\repos\projectstudentpreq\projectstudentpreq\debug\projects.a9eb8173.tlog\link.13772.delete.1.tlog
c:\users\user\source\repos\projectstudentpreq\projectstudentpreq\debug\projects.a9eb8173.tlog\link.13820.delete.1.tlog
c:\users\user\source\repos\projectstudentpreq\projectstudentpreq\debug\projects.a9eb8173.tlog\link.13932.delete.1.tlog
c:\users\user\source\repos\projectstudentpreq\projectstudentpreq\debug\projects.a9eb8173.tlog\link.14012.delete.1.tlog
c:\users\user\source\repos\projectstudentpreq\projectstudentpreq\debug\projects.a9eb8173.tlog\link.14212.delete.1.tlog
c:\users\user\source\repos\projectstudentpreq\projectstudentpreq\debug\projects.a9eb8173.tlog\link.14348.delete.1.tlog
c:\users\user\source\repos\projectstudentpreq\projectstudentpreq\debug\projects.a9eb8173.tlog\link.14540.delete.1.tlog
c:\users\user\source\repos\projectstudentpreq\projectstudentpreq\debug\projects.a9eb8173.tlog\link.14676.delete.1.tlog
c:\users\user\source\repos\projectstudentpreq\projectstudentpreq\debug\projects.a9eb8173.tlog\link.14756.delete.1.tlog
c:\users\user\source\repos\projectstudentpreq\projectstudentpreq\debug\projects.a9eb8173.tlog\link.14932.delete.1.tlog
c:\users\user\source\repos\projectstudentpreq\projectstudentpreq\debug\projects.a9eb8173.tlog\link.15092.delete.1.tlog
c:\users\user\source\repos\projectstudentpreq\projectstudentpreq\debug\projects.a9eb8173.tlog\link.15288.delete.1.tlog
c:\users\user\source\repos\projectstudentpreq\projectstudentpreq\debug\projects.a9eb8173.tlog\link.15480.delete.1.tlog
c:\users\user\source\repos\projectstudentpreq\projectstudentpreq\debug\projects.a9eb8173.tlog\link.1572.delete.1.tlog
c:\users\user\source\repos\projectstudentpreq\projectstudentpreq\debug\projects.a9eb8173.tlog\link.15784.delete.1.tlog
c:\users\user\source\repos\projectstudentpreq\projectstudentpreq\debug\projects.a9eb8173.tlog\link.15968.delete.1.tlog
c:\users\user\source\repos\projectstudentpreq\projectstudentpreq\debug\projects.a9eb8173.tlog\link.16012.delete.1.tlog
c:\users\user\source\repos\projectstudentpreq\projectstudentpreq\debug\projects.a9eb8173.tlog\link.16048.delete.1.tlog
c:\users\user\source\repos\projectstudentpreq\projectstudentpreq\debug\projects.a9eb8173.tlog\link.16072.delete.1.tlog
c:\users\user\source\repos\projectstudentpreq\projectstudentpreq\debug\projects.a9eb8173.tlog\link.16112.delete.1.tlog
c:\users\user\source\repos\projectstudentpreq\projectstudentpreq\debug\projects.a9eb8173.tlog\link.16124.delete.1.tlog
c:\users\user\source\repos\projectstudentpreq\projectstudentpreq\debug\projects.a9eb8173.tlog\link.16468.delete.1.tlog
c:\users\user\source\repos\projectstudentpreq\projectstudentpreq\debug\projects.a9eb8173.tlog\link.16964.delete.1.tlog
c:\users\user\source\repos\projectstudentpreq\projectstudentpreq\debug\projects.a9eb8173.tlog\link.17064.delete.1.tlog
c:\users\user\source\repos\projectstudentpreq\projectstudentpreq\debug\projects.a9eb8173.tlog\link.17120.delete.1.tlog
c:\users\user\source\repos\projectstudentpreq\projectstudentpreq\debug\projects.a9eb8173.tlog\link.17164.delete.1.tlog
c:\users\user\source\repos\projectstudentpreq\projectstudentpreq\debug\projects.a9eb8173.tlog\link.17260.delete.1.tlog
c:\users\user\source\repos\projectstudentpreq\projectstudentpreq\debug\projects.a9eb8173.tlog\link.17504.delete.1.tlog
c:\users\user\source\repos\projectstudentpreq\projectstudentpreq\debug\projects.a9eb8173.tlog\link.17584.delete.1.tlog
c:\users\user\source\repos\projectstudentpreq\projectstudentpreq\debug\projects.a9eb8173.tlog\link.17604.delete.1.tlog
c:\users\user\source\repos\projectstudentpreq\projectstudentpreq\debug\projects.a9eb8173.tlog\link.17852.delete.1.tlog
c:\users\user\source\repos\projectstudentpreq\projectstudentpreq\debug\projects.a9eb8173.tlog\link.18104.delete.1.tlog
c:\users\user\source\repos\projectstudentpreq\projectstudentpreq\debug\projects.a9eb8173.tlog\link.18628.delete.1.tlog
c:\users\user\source\repos\projectstudentpreq\projectstudentpreq\debug\projects.a9eb8173.tlog\link.18780.delete.1.tlog
c:\users\user\source\repos\projectstudentpreq\projectstudentpreq\debug\projects.a9eb8173.tlog\link.18928.delete.1.tlog
c:\users\user\source\repos\projectstudentpreq\projectstudentpreq\debug\projects.a9eb8173.tlog\link.19240.delete.1.tlog
c:\users\user\source\repos\projectstudentpreq\projectstudentpreq\debug\projects.a9eb8173.tlog\link.19300.delete.1.tlog
c:\users\user\source\repos\projectstudentpreq\projectstudentpreq\debug\projects.a9eb8173.tlog\link.19624.delete.1.tlog
c:\users\user\source\repos\projectstudentpreq\projectstudentpreq\debug\projects.a9eb8173.tlog\link.20172.delete.1.tlog
c:\users\user\source\repos\projectstudentpreq\projectstudentpreq\debug\projects.a9eb8173.tlog\link.20520.delete.1.tlog
c:\users\user\source\repos\projectstudentpreq\projectstudentpreq\debug\projects.a9eb8173.tlog\link.21036.delete.1.tlog
c:\users\user\source\repos\projectstudentpreq\projectstudentpreq\debug\projects.a9eb8173.tlog\link.21412.delete.1.tlog
c:\users\user\source\repos\projectstudentpreq\projectstudentpreq\debug\projects.a9eb8173.tlog\link.21484.delete.1.tlog
c:\users\user\source\repos\projectstudentpreq\projectstudentpreq\debug\projects.a9eb8173.tlog\link.2156.delete.1.tlog
c:\users\user\source\repos\projectstudentpreq\projectstudentpreq\debug\projects.a9eb8173.tlog\link.2204.delete.1.tlog
c:\users\user\source\repos\projectstudentpreq\projectstudentpreq\debug\projects.a9eb8173.tlog\link.3180.delete.1.tlog
c:\users\user\source\repos\projectstudentpreq\projectstudentpreq\debug\projects.a9eb8173.tlog\link.3240.delete.1.tlog
c:\users\user\source\repos\projectstudentpreq\projectstudentpreq\debug\projects.a9eb8173.tlog\link.3800.delete.1.tlog
c:\users\user\source\repos\projectstudentpreq\projectstudentpreq\debug\projects.a9eb8173.tlog\link.4188.delete.1.tlog
c:\users\user\source\repos\projectstudentpreq\projectstudentpreq\debug\projects.a9eb8173.tlog\link.4280.delete.1.tlog
c:\users\user\source\repos\projectstudentpreq\projectstudentpreq\debug\projects.a9eb8173.tlog\link.4704.delete.1.tlog
c:\users\user\source\repos\projectstudentpreq\projectstudentpreq\debug\projects.a9eb8173.tlog\link.4864.delete.1.tlog
c:\users\user\source\repos\projectstudentpreq\projectstudentpreq\debug\projects.a9eb8173.tlog\link.4872.delete.1.tlog
c:\users\user\source\repos\projectstudentpreq\projectstudentpreq\debug\projects.a9eb8173.tlog\link.5256.delete.1.tlog
c:\users\user\source\repos\projectstudentpreq\projectstudentpreq\debug\projects.a9eb8173.tlog\link.580.delete.1.tlog
c:\users\user\source\repos\projectstudentpreq\projectstudentpreq\debug\projects.a9eb8173.tlog\link.5924.delete.1.tlog
c:\users\user\source\repos\projectstudentpreq\projectstudentpreq\debug\projects.a9eb8173.tlog\link.6020.delete.1.tlog
c:\users\user\source\repos\projectstudentpreq\projectstudentpreq\debug\projects.a9eb8173.tlog\link.6824.delete.1.tlog
c:\users\user\source\repos\projectstudentpreq\projectstudentpreq\debug\projects.a9eb8173.tlog\link.6900.delete.1.tlog
c:\users\user\source\repos\projectstudentpreq\projectstudentpreq\debug\projects.a9eb8173.tlog\link.6904.delete.1.tlog
c:\users\user\source\repos\projectstudentpreq\projectstudentpreq\debug\projects.a9eb8173.tlog\link.7280.delete.1.tlog
c:\users\user\source\repos\projectstudentpreq\projectstudentpreq\debug\projects.a9eb8173.tlog\link.7288.delete.1.tlog
c:\users\user\source\repos\projectstudentpreq\projectstudentpreq\debug\projects.a9eb8173.tlog\link.7512.delete.1.tlog
c:\users\user\source\repos\projectstudentpreq\projectstudentpreq\debug\projects.a9eb8173.tlog\link.76.delete.1.tlog
c:\users\user\source\repos\projectstudentpreq\projectstudentpreq\debug\projects.a9eb8173.tlog\link.8068.delete.1.tlog
c:\users\user\source\repos\projectstudentpreq\projectstudentpreq\debug\projects.a9eb8173.tlog\link.8188.delete.1.tlog
c:\users\user\source\repos\projectstudentpreq\projectstudentpreq\debug\projects.a9eb8173.tlog\link.8212.delete.1.tlog
c:\users\user\source\repos\projectstudentpreq\projectstudentpreq\debug\projects.a9eb8173.tlog\link.9096.delete.1.tlog
c:\users\user\source\repos\projectstudentpreq\projectstudentpreq\debug\projects.a9eb8173.tlog\link.9164.delete.1.tlog
c:\users\user\source\repos\projectstudentpreq\projectstudentpreq\debug\projects.a9eb8173.tlog\link.9192.delete.1.tlog
c:\users\user\source\repos\projectstudentpreq\projectstudentpreq\debug\projects.a9eb8173.tlog\link.9312.delete.1.tlog
c:\users\user\source\repos\projectstudentpreq\projectstudentpreq\debug\projects.a9eb8173.tlog\link.9432.delete.1.tlog
c:\users\user\source\repos\projectstudentpreq\projectstudentpreq\debug\projects.a9eb8173.tlog\link.9464.delete.1.tlog
c:\users\user\source\repos\projectstudentpreq\projectstudentpreq\debug\projects.a9eb8173.tlog\link.9760.delete.1.tlog
c:\users\user\source\repos\projectstudentpreq\projectstudentpreq\debug\projects.a9eb8173.tlog\link.command.1.tlog
c:\users\user\source\repos\projectstudentpreq\projectstudentpreq\debug\projects.a9eb8173.tlog\link.read.1.tlog
c:\users\user\source\repos\projectstudentpreq\projectstudentpreq\debug\projects.a9eb8173.tlog\link.write.1.tlog
c:\users\user\source\repos\projectstudentpreq\projectstudentpreq\debug\projects.a9eb8173.tlog\metagen.read.1.tlog
c:\users\user\source\repos\projectstudentpreq\projectstudentpreq\debug\projects.a9eb8173.tlog\metagen.write.1.tlog
c:\users\user\source\repos\projectstudentpreq\projectstudentpreq\debug\projects.a9eb8173.tlog\projectstudentpreq.write.1u.tlog
