10
000
101Introduction to Programming
101Introduction to Programming
207Fundamental of Data Structures & Algorithms
101Introduction to Programming
311Computer Architecture
207Fundamental of Data Structures & Algorithms
217Advanced Computer Programming & Concepts
217Advanced Computer Programming & Concepts
304Analysis and Design of Algorithms
217Advanced Computer Programming & Concepts
419Theory of Computing
311Computer Architecture
313Software Engineering
311Computer Architecture
415Compiler Design
313Software Engineering
315Operating Systems
313Software Engineering
404Database Systems